Tue Apr  9 17:10:34 2019
pid:1 ---user:root ---process name:systemd ---start time:14:53 ---last time:02:16
pid:2 ---user:root ---process name:kthreadd ---start time:14:53 ---last time:02:16
pid:4 ---user:root ---process name:kworker/0:0H ---start time:14:53 ---last time:02:16
pid:6 ---user:root ---process name:mm_percpu_wq ---start time:14:53 ---last time:02:16
pid:7 ---user:root ---process name:ksoftirqd/0 ---start time:14:53 ---last time:02:16
pid:8 ---user:root ---process name:rcu_sched ---start time:14:53 ---last time:02:16
pid:9 ---user:root ---process name:rcu_bh ---start time:14:53 ---last time:02:16
pid:10 ---user:root ---process name:migration/0 ---start time:14:53 ---last time:02:16
pid:11 ---user:root ---process name:watchdog/0 ---start time:14:53 ---last time:02:16
pid:12 ---user:root ---process name:cpuhp/0 ---start time:14:53 ---last time:02:16
pid:13 ---user:root ---process name:cpuhp/1 ---start time:14:53 ---last time:02:16
pid:14 ---user:root ---process name:watchdog/1 ---start time:14:53 ---last time:02:16
pid:15 ---user:root ---process name:migration/1 ---start time:14:53 ---last time:02:16
pid:16 ---user:root ---process name:ksoftirqd/1 ---start time:14:53 ---last time:02:16
pid:18 ---user:root ---process name:kworker/1:0H ---start time:14:53 ---last time:02:16
pid:19 ---user:root ---process name:cpuhp/2 ---start time:14:53 ---last time:02:16
pid:20 ---user:root ---process name:watchdog/2 ---start time:14:53 ---last time:02:16
pid:21 ---user:root ---process name:migration/2 ---start time:14:53 ---last time:02:16
pid:22 ---user:root ---process name:ksoftirqd/2 ---start time:14:53 ---last time:02:16
pid:24 ---user:root ---process name:kworker/2:0H ---start time:14:53 ---last time:02:16
pid:25 ---user:root ---process name:cpuhp/3 ---start time:14:53 ---last time:02:16
pid:26 ---user:root ---process name:watchdog/3 ---start time:14:53 ---last time:02:16
pid:27 ---user:root ---process name:migration/3 ---start time:14:53 ---last time:02:16
pid:28 ---user:root ---process name:ksoftirqd/3 ---start time:14:53 ---last time:02:16
pid:30 ---user:root ---process name:kworker/3:0H ---start time:14:53 ---last time:02:16
pid:31 ---user:root ---process name:kdevtmpfs ---start time:14:53 ---last time:02:16
pid:32 ---user:root ---process name:netns ---start time:14:53 ---last time:02:16
pid:37 ---user:root ---process name:khungtaskd ---start time:14:53 ---last time:02:16
pid:38 ---user:root ---process name:oom_reaper ---start time:14:53 ---last time:02:16
pid:39 ---user:root ---process name:writeback ---start time:14:53 ---last time:02:16
pid:40 ---user:root ---process name:kcompactd0 ---start time:14:53 ---last time:02:16
pid:41 ---user:root ---process name:ksmd ---start time:14:53 ---last time:02:16
pid:42 ---user:root ---process name:khugepaged ---start time:14:53 ---last time:02:16
pid:43 ---user:root ---process name:crypto ---start time:14:53 ---last time:02:16
pid:44 ---user:root ---process name:kintegrityd ---start time:14:53 ---last time:02:16
pid:45 ---user:root ---process name:kblockd ---start time:14:53 ---last time:02:16
pid:46 ---user:root ---process name:ata_sff ---start time:14:53 ---last time:02:16
pid:47 ---user:root ---process name:md ---start time:14:53 ---last time:02:16
pid:48 ---user:root ---process name:edac-poller ---start time:14:53 ---last time:02:16
pid:49 ---user:root ---process name:devfreq_wq ---start time:14:53 ---last time:02:16
pid:50 ---user:root ---process name:watchdogd ---start time:14:53 ---last time:02:16
pid:53 ---user:root ---process name:kauditd ---start time:14:53 ---last time:02:16
pid:54 ---user:root ---process name:kswapd0 ---start time:14:53 ---last time:02:16
pid:55 ---user:root ---process name:ecryptfs-kthrea ---start time:14:53 ---last time:02:16
pid:97 ---user:root ---process name:kthrotld ---start time:14:53 ---last time:02:16
pid:99 ---user:root ---process name:acpi_thermal_pm ---start time:14:53 ---last time:02:16
pid:103 ---user:root ---process name:ipv6_addrconf ---start time:14:53 ---last time:02:16
pid:128 ---user:root ---process name:charger_manager ---start time:14:53 ---last time:02:16
pid:175 ---user:root ---process name:nvme-wq ---start time:14:53 ---last time:02:16
pid:179 ---user:root ---process name:i915/signal:0 ---start time:14:53 ---last time:02:16
pid:180 ---user:root ---process name:i915/signal:1 ---start time:14:53 ---last time:02:16
pid:181 ---user:root ---process name:i915/signal:2 ---start time:14:53 ---last time:02:16
pid:182 ---user:root ---process name:i915/signal:4 ---start time:14:53 ---last time:02:16
pid:184 ---user:root ---process name:nvidia-modeset ---start time:14:53 ---last time:02:16
pid:207 ---user:root ---process name:kworker/1:1H ---start time:14:53 ---last time:02:16
pid:209 ---user:root ---process name:jbd2/nvme0n1p6- ---start time:14:53 ---last time:02:16
pid:210 ---user:root ---process name:ext4-rsv-conver ---start time:14:53 ---last time:02:16
pid:248 ---user:root ---process name:systemd-journal ---start time:14:53 ---last time:02:16
pid:271 ---user:root ---process name:systemd-udevd ---start time:14:53 ---last time:02:16
pid:299 ---user:root ---process name:kworker/3:1H ---start time:14:53 ---last time:02:16
pid:314 ---user:root ---process name:irq/129-mei_me ---start time:14:53 ---last time:02:16
pid:320 ---user:root ---process name:kworker/0:1H ---start time:14:53 ---last time:02:16
pid:330 ---user:root ---process name:kmemstick ---start time:14:53 ---last time:02:16
pid:335 ---user:root ---process name:cfg80211 ---start time:14:53 ---last time:02:16
pid:368 ---user:root ---process name:ath10k_wq ---start time:14:53 ---last time:02:16
pid:370 ---user:root ---process name:ath10k_aux_wq ---start time:14:53 ---last time:02:16
pid:388 ---user:root ---process name:kworker/2:1H ---start time:14:53 ---last time:02:16
pid:408 ---user:root ---process name:UVM ---start time:14:53 ---last time:02:16
pid:411 ---user:root ---process name:UVM ---start time:14:53 ---last time:02:16
pid:512 ---user:root ---process name:kworker/0:2 ---start time:17:03 ---last time:07:23
pid:564 ---user:systemdti ---process name:systemd-timesyn ---start time:14:53 ---last time:02:16
pid:609 ---user:root ---process name:kworker/u9:0 ---start time:14:53 ---last time:02:16
pid:611 ---user:root ---process name:kworker/u9:1 ---start time:14:53 ---last time:02:16
pid:705 ---user:root ---process name:kworker/u8:0 ---start time:17:03 ---last time:06:39
pid:718 ---user:avahi ---process name:avahi-daemon ---start time:14:53 ---last time:02:16
pid:721 ---user:root ---process name:bluetoothd ---start time:14:53 ---last time:02:16
pid:724 ---user:root ---process name:acpid ---start time:14:53 ---last time:02:16
pid:727 ---user:root ---process name:accounts-daemon ---start time:14:53 ---last time:02:16
pid:728 ---user:messagebuszüu ---process name:dbus-daemon ---start time:14:53 ---last time:02:16
pid:732 ---user:avahi ---process name:avahi-daemon ---start time:14:53 ---last time:02:16
pid:746 ---user:root ---process name:ModemManager ---start time:14:53 ---last time:02:16
pid:747 ---user:root ---process name:NetworkManager ---start time:14:53 ---last time:02:16
pid:751 ---user:syslog ---process name:rsyslogd ---start time:14:53 ---last time:02:16
pid:754 ---user:root ---process name:systemd-logind ---start time:14:53 ---last time:02:16
pid:757 ---user:root ---process name:cron ---start time:14:53 ---last time:02:16
pid:762 ---user:root ---process name:thermald ---start time:14:53 ---last time:02:16
pid:864 ---user:root ---process name:nscd ---start time:14:53 ---last time:02:16
pid:880 ---user:root ---process name:irqbalance ---start time:14:53 ---last time:02:16
pid:903 ---user:root ---process name:lightdm ---start time:14:53 ---last time:02:16
pid:964 ---user:root ---process name:vsftpd ---start time:14:53 ---last time:02:16
pid:969 ---user:root ---process name:Xorg ---start time:14:53 ---last time:02:16
pid:978 ---user:torres ---process name:chrome ---start time:17:04 ---last time:05:46
pid:980 ---user:root ---process name:nvidia-persiste ---start time:14:53 ---last time:02:16
pid:981 ---user:root ---process name:irq/131-nvidia ---start time:14:53 ---last time:02:16
pid:982 ---user:root ---process name:nvidia ---start time:14:53 ---last time:02:16
pid:989 ---user:root ---process name:wpa_supplicant ---start time:14:53 ---last time:02:16
pid:1011 ---user:whoopsie ---process name:whoopsie ---start time:14:53 ---last time:02:16
pid:1014 ---user:root ---process name:dockerd ---start time:14:53 ---last time:02:16
pid:1034 ---user:root ---process name:agetty ---start time:14:53 ---last time:02:16
pid:1097 ---user:root ---process name:docker-containe ---start time:14:53 ---last time:02:16
pid:1189 ---user:torres ---process name:chrome ---start time:17:05 ---last time:05:10
pid:1509 ---user:root ---process name:lightdm ---start time:14:53 ---last time:02:16
pid:1525 ---user:torres ---process name:bash ---start time:17:06 ---last time:04:02
pid:1586 ---user:rtkit ---process name:rtkit-daemon ---start time:14:53 ---last time:02:16
pid:1616 ---user:root ---process name:krfcommd ---start time:14:53 ---last time:02:16
pid:1618 ---user:root ---process name:upowerd ---start time:14:53 ---last time:02:16
pid:1661 ---user:colord ---process name:colord ---start time:14:53 ---last time:02:16
pid:1748 ---user:torres ---process name:systemd ---start time:14:54 ---last time:02:16
pid:1749 ---user:torres ---process name:(sd-pam) ---start time:14:54 ---last time:02:16
pid:1755 ---user:torres ---process name:gnome-keyring-d ---start time:14:54 ---last time:02:16
pid:1758 ---user:torres ---process name:upstart ---start time:14:54 ---last time:02:16
pid:1840 ---user:torres ---process name:upstart-udev-br ---start time:14:54 ---last time:02:16
pid:1849 ---user:torres ---process name:dbus-daemon ---start time:14:54 ---last time:02:16
pid:1861 ---user:torres ---process name:window-stack-br ---start time:14:54 ---last time:02:16
pid:1900 ---user:torres ---process name:upstart-dbus-br ---start time:14:54 ---last time:02:16
pid:1901 ---user:torres ---process name:upstart-dbus-br ---start time:14:54 ---last time:02:16
pid:1902 ---user:torres ---process name:upstart-file-br ---start time:14:54 ---last time:02:16
pid:1907 ---user:torres ---process name:bamfdaemon ---start time:14:54 ---last time:02:16
pid:1911 ---user:torres ---process name:fcitx ---start time:14:54 ---last time:02:16
pid:1924 ---user:torres ---process name:gvfsd ---start time:14:54 ---last time:02:16
pid:1925 ---user:torres ---process name:dbus-daemon ---start time:14:54 ---last time:02:16
pid:1930 ---user:torres ---process name:gvfsd-fuse ---start time:14:54 ---last time:02:16
pid:1935 ---user:torres ---process name:fcitx-dbus-watc ---start time:14:54 ---last time:02:16
pid:1948 ---user:torres ---process name:notify-osd ---start time:14:54 ---last time:02:16
pid:1961 ---user:torres ---process name:gconfd-2 ---start time:14:54 ---last time:02:16
pid:1967 ---user:torres ---process name:sogou-qimpanel- ---start time:14:54 ---last time:02:16
pid:1969 ---user:torres ---process name:at-spi-bus-laun ---start time:14:54 ---last time:02:16
pid:1974 ---user:torres ---process name:dbus-daemon ---start time:14:54 ---last time:02:16
pid:1976 ---user:torres ---process name:at-spi2-registr ---start time:14:54 ---last time:02:16
pid:1986 ---user:nobody ---process name:dnsmasq ---start time:14:54 ---last time:02:16
pid:2073 ---user:torres ---process name:gpg-agent ---start time:14:54 ---last time:02:16
pid:2118 ---user:torres ---process name:hud-service ---start time:14:54 ---last time:02:16
pid:2120 ---user:torres ---process name:unity-settings- ---start time:14:54 ---last time:02:16
pid:2125 ---user:torres ---process name:gnome-session-b ---start time:14:54 ---last time:02:16
pid:2130 ---user:torres ---process name:unity-panel-ser ---start time:14:54 ---last time:02:16
pid:2155 ---user:torres ---process name:indicator-messa ---start time:14:54 ---last time:02:16
pid:2158 ---user:torres ---process name:indicator-bluet ---start time:14:54 ---last time:02:16
pid:2159 ---user:torres ---process name:indicator-power ---start time:14:54 ---last time:02:16
pid:2161 ---user:torres ---process name:indicator-datet ---start time:14:54 ---last time:02:16
pid:2162 ---user:torres ---process name:indicator-keybo ---start time:14:54 ---last time:02:16
pid:2164 ---user:torres ---process name:indicator-sound ---start time:14:54 ---last time:02:16
pid:2166 ---user:torres ---process name:indicator-print ---start time:14:54 ---last time:02:16
pid:2170 ---user:torres ---process name:indicator-sessi ---start time:14:54 ---last time:02:16
pid:2188 ---user:torres ---process name:indicator-appli ---start time:14:54 ---last time:02:16
pid:2201 ---user:torres ---process name:dconf-service ---start time:14:54 ---last time:02:16
pid:2215 ---user:torres ---process name:evolution-sourc ---start time:14:54 ---last time:02:16
pid:2240 ---user:torres ---process name:pulseaudio ---start time:14:54 ---last time:02:16
pid:2247 ---user:torres ---process name:compiz ---start time:14:54 ---last time:02:16
pid:2251 ---user:torres ---process name:syndaemon ---start time:14:54 ---last time:02:16
pid:2258 ---user:torres ---process name:evolution-calen ---start time:14:54 ---last time:02:16
pid:2286 ---user:torres ---process name:evolution-calen ---start time:14:54 ---last time:02:16
pid:2296 ---user:torres ---process name:evolution-addre ---start time:14:54 ---last time:02:16
pid:2298 ---user:torres ---process name:evolution-calen ---start time:14:54 ---last time:02:16
pid:2307 ---user:torres ---process name:evolution-addre ---start time:14:54 ---last time:02:16
pid:2321 ---user:torres ---process name:polkit-gnome-au ---start time:14:54 ---last time:02:16
pid:2324 ---user:torres ---process name:nm-applet ---start time:14:54 ---last time:02:16
pid:2332 ---user:torres ---process name:gnome-software ---start time:14:54 ---last time:02:16
pid:2338 ---user:torres ---process name:unity-fallback- ---start time:14:54 ---last time:02:16
pid:2345 ---user:torres ---process name:nautilus ---start time:14:54 ---last time:02:16
pid:2370 ---user:torres ---process name:gvfs-udisks2-vo ---start time:14:54 ---last time:02:16
pid:2376 ---user:root ---process name:udisksd ---start time:14:54 ---last time:02:16
pid:2413 ---user:torres ---process name:gvfs-mtp-volume ---start time:14:54 ---last time:02:16
pid:2418 ---user:torres ---process name:gvfs-goa-volume ---start time:14:54 ---last time:02:16
pid:2426 ---user:torres ---process name:gvfs-gphoto2-vo ---start time:14:54 ---last time:02:16
pid:2432 ---user:torres ---process name:gvfs-afc-volume ---start time:14:54 ---last time:02:16
pid:2439 ---user:torres ---process name:sogou-qimpanel ---start time:14:54 ---last time:02:16
pid:2461 ---user:torres ---process name:gvfsd-trash ---start time:14:54 ---last time:02:16
pid:2504 ---user:torres ---process name:gvfsd-metadata ---start time:14:54 ---last time:02:16
pid:2664 ---user:torres ---process name:zeitgeist-datah ---start time:14:54 ---last time:02:16
pid:2671 ---user:torres ---process name:sh ---start time:14:54 ---last time:02:16
pid:2678 ---user:torres ---process name:zeitgeist-daemo ---start time:14:54 ---last time:02:16
pid:2685 ---user:torres ---process name:zeitgeist-fts ---start time:14:54 ---last time:02:16
pid:2876 ---user:root ---process name:dhclient ---start time:14:54 ---last time:02:15
pid:3081 ---user:torres ---process name:update-notifier ---start time:14:55 ---last time:02:15
pid:3104 ---user:torres ---process name:chrome ---start time:14:55 ---last time:02:15
pid:3109 ---user:torres ---process name:chrome ---start time:14:55 ---last time:02:15
pid:3112 ---user:torres ---process name:nacl_helper ---start time:14:55 ---last time:02:15
pid:3115 ---user:torres ---process name:chrome ---start time:14:55 ---last time:02:15
pid:3139 ---user:torres ---process name:chrome ---start time:14:55 ---last time:02:15
pid:3173 ---user:torres ---process name:chrome ---start time:14:55 ---last time:02:15
pid:3266 ---user:torres ---process name:chrome ---start time:14:55 ---last time:02:15
pid:3293 ---user:torres ---process name:chrome ---start time:14:55 ---last time:02:15
pid:3295 ---user:torres ---process name:chrome ---start time:14:55 ---last time:02:15
pid:3303 ---user:torres ---process name:chrome ---start time:14:55 ---last time:02:15
pid:3332 ---user:torres ---process name:chrome ---start time:14:55 ---last time:02:15
pid:3335 ---user:torres ---process name:chrome ---start time:14:55 ---last time:02:15
pid:3341 ---user:torres ---process name:chrome ---start time:14:55 ---last time:02:15
pid:3342 ---user:torres ---process name:chrome ---start time:14:55 ---last time:02:15
pid:3347 ---user:torres ---process name:chrome ---start time:14:55 ---last time:02:15
pid:3363 ---user:torres ---process name:chrome ---start time:14:55 ---last time:02:15
pid:3368 ---user:torres ---process name:chrome ---start time:14:55 ---last time:02:15
pid:3369 ---user:torres ---process name:chrome ---start time:14:55 ---last time:02:15
pid:3759 ---user:torres ---process name:chrome ---start time:17:08 ---last time:02:05
pid:3778 ---user:torres ---process name:chrome ---start time:17:08 ---last time:02:02
pid:3795 ---user:root ---process name:kworker/2:2 ---start time:17:08 ---last time:01:46
pid:3844 ---user:torres ---process name:chrome ---start time:17:09 ---last time:01:04
pid:3888 ---user:root ---process name:kworker/0:0 ---start time:17:09 ---last time:00:49
pid:3905 ---user:torres ---process name:chrome ---start time:17:10 ---last time:00:27
pid:3905 ---user:torres ---process name:chrome ---start time:17:10 ---last time:00:27
pid:3905 ---user:torres ---process name:chrome ---start time:17:10 ---last time:00:27
pid:3988 ---user:root ---process name:a.out ---start time:17:10 ---last time:00:05
pid:11341 ---user:root ---process name:polkitd ---start time:14:55 ---last time:02:14
pid:12786 ---user:torres ---process name:chrome ---start time:16:14 ---last time:56:14
pid:13082 ---user:torres ---process name:chrome ---start time:16:15 ---last time:55:37
pid:13093 ---user:torres ---process name:chrome ---start time:16:15 ---last time:55:37
pid:13131 ---user:torres ---process name:chrome ---start time:16:15 ---last time:55:33
pid:17906 ---user:torres ---process name:chrome ---start time:16:17 ---last time:52:58
pid:17991 ---user:torres ---process name:chrome ---start time:16:18 ---last time:52:34
pid:18019 ---user:torres ---process name:deja-dup-monito ---start time:14:56 ---last time:02:14
pid:18080 ---user:torres ---process name:chrome ---start time:16:18 ---last time:51:59
pid:18095 ---user:torres ---process name:chrome ---start time:16:18 ---last time:51:58
pid:19443 ---user:torres ---process name:chrome ---start time:14:58 ---last time:02:11
pid:19455 ---user:torres ---process name:chrome ---start time:14:58 ---last time:02:11
pid:19765 ---user:root ---process name:cupsd ---start time:14:58 ---last time:02:11
pid:19767 ---user:root ---process name:cups-browsed ---start time:14:58 ---last time:02:11
pid:19783 ---user:lp ---process name:dbus ---start time:14:58 ---last time:02:11
pid:19784 ---user:lp ---process name:dbus ---start time:14:58 ---last time:02:11
pid:19786 ---user:lp ---process name:dbus ---start time:14:58 ---last time:02:11
pid:19809 ---user:root ---process name:kworker/u8:2 ---start time:16:23 ---last time:46:43
pid:19839 ---user:lp ---process name:dbus ---start time:14:58 ---last time:02:11
pid:19877 ---user:torres ---process name:code ---start time:14:59 ---last time:02:11
pid:19883 ---user:torres ---process name:code ---start time:14:59 ---last time:02:11
pid:19904 ---user:torres ---process name:code ---start time:14:59 ---last time:02:11
pid:19925 ---user:torres ---process name:code ---start time:14:59 ---last time:02:11
pid:19933 ---user:torres ---process name:code ---start time:14:59 ---last time:02:11
pid:19956 ---user:torres ---process name:code ---start time:14:59 ---last time:02:11
pid:19966 ---user:torres ---process name:code ---start time:14:59 ---last time:02:11
pid:19968 ---user:torres ---process name:code ---start time:14:59 ---last time:02:11
pid:20209 ---user:torres ---process name:bash ---start time:16:28 ---last time:42:15
pid:20228 ---user:torres ---process name:bash ---start time:16:28 ---last time:41:40
pid:20252 ---user:torres ---process name:chrome ---start time:15:04 ---last time:02:06
pid:20297 ---user:torres ---process name:chrome ---start time:16:31 ---last time:39:20
pid:20456 ---user:torres ---process name:gnome-terminal- ---start time:15:06 ---last time:02:03
pid:20461 ---user:torres ---process name:bash ---start time:15:06 ---last time:02:03
pid:20477 ---user:torres ---process name:chrome ---start time:16:31 ---last time:38:56
pid:20552 ---user:torres ---process name:gvfsd-network ---start time:15:07 ---last time:02:03
pid:20596 ---user:torres ---process name:Typora ---start time:15:07 ---last time:02:03
pid:20599 ---user:torres ---process name:Typora ---start time:15:07 ---last time:02:03
pid:20611 ---user:torres ---process name:gvfsd-dnssd ---start time:15:07 ---last time:02:03
pid:20638 ---user:torres ---process name:Typora ---start time:15:07 ---last time:02:03
pid:20640 ---user:torres ---process name:Typora ---start time:15:07 ---last time:02:03
pid:20840 ---user:torres ---process name:chrome ---start time:16:34 ---last time:36:20
pid:20914 ---user:torres ---process name:chrome ---start time:16:34 ---last time:36:15
pid:21003 ---user:torres ---process name:chrome ---start time:16:35 ---last time:35:08
pid:21120 ---user:torres ---process name:bash ---start time:16:37 ---last time:33:17
pid:21826 ---user:root ---process name:kworker/u8:1 ---start time:16:43 ---last time:26:44
pid:21888 ---user:root ---process name:kworker/1:1 ---start time:16:44 ---last time:25:51
pid:22537 ---user:torres ---process name:chrome ---start time:15:25 ---last time:01:45
pid:22637 ---user:torres ---process name:chrome ---start time:15:25 ---last time:01:44
pid:23981 ---user:torres ---process name:chrome ---start time:15:34 ---last time:01:35
pid:24041 ---user:torres ---process name:chrome ---start time:15:34 ---last time:01:35
pid:24407 ---user:torres ---process name:chrome ---start time:15:39 ---last time:01:31
pid:24419 ---user:torres ---process name:chrome ---start time:15:39 ---last time:01:31
pid:24646 ---user:torres ---process name:chrome ---start time:15:41 ---last time:01:29
pid:30718 ---user:root ---process name:kworker/2:1 ---start time:16:56 ---last time:14:17
pid:30834 ---user:root ---process name:kworker/0:1 ---start time:16:07 ---last time:01:03
pid:30980 ---user:torres ---process name:chrome ---start time:16:08 ---last time:01:02
pid:31328 ---user:torres ---process name:eog ---start time:16:58 ---last time:11:52
pid:31516 ---user:torres ---process name:chrome ---start time:16:59 ---last time:11:23
pid:31909 ---user:torres ---process name:chrome ---start time:17:00 ---last time:10:19
pid:31992 ---user:root ---process name:kworker/3:1 ---start time:17:00 ---last time:10:10
pid:32042 ---user:torres ---process name:chrome ---start time:17:00 ---last time:10:02
pid:32066 ---user:root ---process name:kworker/1:3 ---start time:17:00 ---last time:10:02
pid:32156 ---user:root ---process name:kworker/3:3 ---start time:17:00 ---last time:09:44
pid:32341 ---user:torres ---process name:chrome ---start time:17:01 ---last time:09:16
pid:32712 ---user:root ---process name:kworker/2:0 ---start time:17:02 ---last time:08:08
pid:32714 ---user:root ---process name:kworker/2:4 ---start time:17:02 ---last time:08:08
